running egg_info
creating ../../build/lidar_udp_catch/lidar_udp_catch.egg-info
writing ../../build/lidar_udp_catch/lidar_udp_catch.egg-info/PKG-INFO
writing dependency_links to ../../build/lidar_udp_catch/lidar_udp_catch.egg-info/dependency_links.txt
writing entry points to ../../build/lidar_udp_catch/lidar_udp_catch.egg-info/entry_points.txt
writing requirements to ../../build/lidar_udp_catch/lidar_udp_catch.egg-info/requires.txt
writing top-level names to ../../build/lidar_udp_catch/lidar_udp_catch.egg-info/top_level.txt
writing manifest file '../../build/lidar_udp_catch/lidar_udp_catch.egg-info/SOURCES.txt'
reading manifest file '../../build/lidar_udp_catch/lidar_udp_catch.egg-info/SOURCES.txt'
writing manifest file '../../build/lidar_udp_catch/lidar_udp_catch.egg-info/SOURCES.txt'
running build
running build_py
creating /home/itolab-chotaro/HDD/SBIR-sit/ros_ws/build/lidar_udp_catch/build
creating /home/itolab-chotaro/HDD/SBIR-sit/ros_ws/build/lidar_udp_catch/build/lib
creating /home/itolab-chotaro/HDD/SBIR-sit/ros_ws/build/lidar_udp_catch/build/lib/lidar_udp_catch
copying lidar_udp_catch/lidar_udp_catch.py -> /home/itolab-chotaro/HDD/SBIR-sit/ros_ws/build/lidar_udp_catch/build/lib/lidar_udp_catch
copying lidar_udp_catch/main.py -> /home/itolab-chotaro/HDD/SBIR-sit/ros_ws/build/lidar_udp_catch/build/lib/lidar_udp_catch
copying lidar_udp_catch/__init__.py -> /home/itolab-chotaro/HDD/SBIR-sit/ros_ws/build/lidar_udp_catch/build/lib/lidar_udp_catch
running install
running install_lib
creating /home/itolab-chotaro/HDD/SBIR-sit/ros_ws/install/lidar_udp_catch/lib/python3.6/site-packages/lidar_udp_catch
copying /home/itolab-chotaro/HDD/SBIR-sit/ros_ws/build/lidar_udp_catch/build/lib/lidar_udp_catch/lidar_udp_catch.py -> /home/itolab-chotaro/HDD/SBIR-sit/ros_ws/install/lidar_udp_catch/lib/python3.6/site-packages/lidar_udp_catch
copying /home/itolab-chotaro/HDD/SBIR-sit/ros_ws/build/lidar_udp_catch/build/lib/lidar_udp_catch/main.py -> /home/itolab-chotaro/HDD/SBIR-sit/ros_ws/install/lidar_udp_catch/lib/python3.6/site-packages/lidar_udp_catch
copying /home/itolab-chotaro/HDD/SBIR-sit/ros_ws/build/lidar_udp_catch/build/lib/lidar_udp_catch/__init__.py -> /home/itolab-chotaro/HDD/SBIR-sit/ros_ws/install/lidar_udp_catch/lib/python3.6/site-packages/lidar_udp_catch
byte-compiling /home/itolab-chotaro/HDD/SBIR-sit/ros_ws/install/lidar_udp_catch/lib/python3.6/site-packages/lidar_udp_catch/lidar_udp_catch.py to lidar_udp_catch.cpython-36.pyc
byte-compiling /home/itolab-chotaro/HDD/SBIR-sit/ros_ws/install/lidar_udp_catch/lib/python3.6/site-packages/lidar_udp_catch/main.py to main.cpython-36.pyc
byte-compiling /home/itolab-chotaro/HDD/SBIR-sit/ros_ws/install/lidar_udp_catch/lib/python3.6/site-packages/lidar_udp_catch/__init__.py to __init__.cpython-36.pyc
running install_data
creating /home/itolab-chotaro/HDD/SBIR-sit/ros_ws/install/lidar_udp_catch/share/ament_index
creating /home/itolab-chotaro/HDD/SBIR-sit/ros_ws/install/lidar_udp_catch/share/ament_index/resource_index
creating /home/itolab-chotaro/HDD/SBIR-sit/ros_ws/install/lidar_udp_catch/share/ament_index/resource_index/packages
copying resource/lidar_udp_catch -> /home/itolab-chotaro/HDD/SBIR-sit/ros_ws/install/lidar_udp_catch/share/ament_index/resource_index/packages
copying package.xml -> /home/itolab-chotaro/HDD/SBIR-sit/ros_ws/install/lidar_udp_catch/share/lidar_udp_catch
running install_egg_info
Copying ../../build/lidar_udp_catch/lidar_udp_catch.egg-info to /home/itolab-chotaro/HDD/SBIR-sit/ros_ws/install/lidar_udp_catch/lib/python3.6/site-packages/lidar_udp_catch-0.0.0-py3.6.egg-info
running install_scripts
Installing lidar_udp_catch script to /home/itolab-chotaro/HDD/SBIR-sit/ros_ws/install/lidar_udp_catch/lib/lidar_udp_catch
writing list of installed files to '/home/itolab-chotaro/HDD/SBIR-sit/ros_ws/build/lidar_udp_catch/install.log'
